<?xml version="1.0" encoding="UTF-8"?>
<!-- Generated by org.testng.reporters.JUnitReportReporter -->
<testsuite hostname="DESKTOP-SFJQCI4" failures="0" tests="2" name="testCases.TC002_LoginTest" time="4.629" errors="0" timestamp="2024-09-08T21:27:58 IST" skipped="0">
  <testcase classname="testCases.TC002_LoginTest" name="verify_login" time="2.256"/>
  <testcase classname="testCases.TC002_LoginTest" name="verify_login" time="2.373"/>
</testsuite> <!-- testCases.TC002_LoginTest -->
