<?xml version="1.0" encoding="UTF-8"?>
<!-- Generated by org.testng.reporters.JUnitReportReporter -->
<testsuite hostname="DESKTOP-SFJQCI4" failures="0" tests="2" name="testCases.TC001_AccountRegistraionTest" time="8.203" errors="0" timestamp="2024-09-08T21:27:58 IST" skipped="0">
  <testcase classname="testCases.TC001_AccountRegistraionTest" name="verify_account_registration" time="4.546"/>
  <testcase classname="testCases.TC001_AccountRegistraionTest" name="verify_account_registration" time="3.657"/>
</testsuite> <!-- testCases.TC001_AccountRegistraionTest -->
