<?xml version="1.0" encoding="UTF-8"?>
<!-- Generated by org.testng.reporters.JUnitReportReporter -->
<testsuite hostname="DESKTOP-SFJQCI4" failures="0" tests="1" name="testCases.TC001_AccountRegistraionTest" time="3.507" errors="0" timestamp="2024-09-10T09:37:17 IST" skipped="0">
  <testcase classname="testCases.TC001_AccountRegistraionTest" name="verify_account_registration" time="3.507"/>
</testsuite> <!-- testCases.TC001_AccountRegistraionTest -->
