<?xml version="1.0" encoding="UTF-8"?>
<!-- Generated by org.testng.reporters.JUnitReportReporter -->
<testsuite hostname="DESKTOP-SFJQCI4" failures="0" tests="1" name="testCases.TC002_LoginTest" time="2.437" errors="0" timestamp="2024-09-10T09:37:17 IST" skipped="0">
  <testcase classname="testCases.TC002_LoginTest" name="verify_login" time="2.437"/>
</testsuite> <!-- testCases.TC002_LoginTest -->
